

Version:	3.14
CmdLine:	C:\Users\jonlu\Documents\SQL At Home Practice\MarathonDBMS.exe --l4j-debug
WOW64:		yes
Working dir:	C:\Users\jonlu\Documents\SQL At Home Practice\.
Java min ver:	1.004.000
Java max ver:	
64-bit search:	SOFTWARE\JavaSoft\Java Runtime Environment...
Check:		SOFTWARE\JavaSoft\Java Runtime Environment\1.8
Check launcher:	C:\Program Files\Java\jre1.8.0_291\bin\javaw.exe (OK)
Match:		1.008.000
Check:		SOFTWARE\JavaSoft\Java Runtime Environment\1.8.0_291
Check launcher:	C:\Program Files\Java\jre1.8.0_291\bin\javaw.exe (OK)
Match:		1.008.000_291
64-bit search:	SOFTWARE\JavaSoft\Java Development Kit...
64-bit search:	SOFTWARE\JavaSoft\JRE...
64-bit search:	SOFTWARE\JavaSoft\JDK...
Runtime used:	1.008.000_291 (64-bit)
Launcher:	C:\Program Files\Java\jre1.8.0_291\bin\javaw.exe
Launcher args:	-jar "C:\Users\jonlu\Documents\SQL At Home Practice\MarathonDBMS.exe"
Args length:	69/32768 chars
Exit code:	0


Version:	3.14
CmdLine:	C:\Users\jonlu\Documents\SQL At Home Practice\MarathonDBMS.exe --l4j-debug
WOW64:		yes
Working dir:	C:\Users\jonlu\Documents\SQL At Home Practice\.
Java min ver:	1.008.000
Java max ver:	
64-bit search:	SOFTWARE\JavaSoft\Java Runtime Environment...
Check:		SOFTWARE\JavaSoft\Java Runtime Environment\1.8
Check launcher:	C:\Program Files\Java\jre1.8.0_291\bin\javaw.exe (OK)
Match:		1.008.000
Check:		SOFTWARE\JavaSoft\Java Runtime Environment\1.8.0_291
Check launcher:	C:\Program Files\Java\jre1.8.0_291\bin\javaw.exe (OK)
Match:		1.008.000_291
64-bit search:	SOFTWARE\JavaSoft\Java Development Kit...
64-bit search:	SOFTWARE\JavaSoft\JRE...
64-bit search:	SOFTWARE\JavaSoft\JDK...
Runtime used:	1.008.000_291 (64-bit)
Launcher:	C:\Program Files\Java\jre1.8.0_291\bin\javaw.exe
Launcher args:	-jar "C:\Users\jonlu\Documents\SQL At Home Practice\MarathonDBMS.exe"
Args length:	69/32768 chars
Exit code:	0


Version:	3.14
CmdLine:	C:\Users\jonlu\Documents\SQL At Home Practice\MarathonDBMS.exe --l4j-debug
WOW64:		yes
Working dir:	C:\Users\jonlu\Documents\SQL At Home Practice\.
Java min ver:	1.004.000
Java max ver:	
64-bit search:	SOFTWARE\JavaSoft\Java Runtime Environment...
32-bit search:	SOFTWARE\JavaSoft\Java Runtime Environment...
64-bit search:	SOFTWARE\JavaSoft\Java Development Kit...
32-bit search:	SOFTWARE\JavaSoft\Java Development Kit...
64-bit search:	SOFTWARE\JavaSoft\JRE...
32-bit search:	SOFTWARE\JavaSoft\JRE...
64-bit search:	SOFTWARE\JavaSoft\JDK...
32-bit search:	SOFTWARE\JavaSoft\JDK...
64-bit search:	SOFTWARE\IBM\Java Runtime Environment...
32-bit search:	SOFTWARE\IBM\Java Runtime Environment...
64-bit search:	SOFTWARE\IBM\Java Development Kit...
32-bit search:	SOFTWARE\IBM\Java Development Kit...
64-bit search:	SOFTWARE\IBM\Java2 Runtime Environment...
32-bit search:	SOFTWARE\IBM\Java2 Runtime Environment...
64-bit search:	SOFTWARE\IBM\Java Development Kit...
32-bit search:	SOFTWARE\IBM\Java Development Kit...
Error msg:	This application requires a Java Runtime Environment 1.4.0
Open URL:	http://java.com/download


Version:	3.14
CmdLine:	C:\Users\jonlu\Documents\SQL At Home Practice\MarathonDBMS.exe --l4j-debug
WOW64:		yes
Working dir:	C:\Users\jonlu\Documents\SQL At Home Practice\.
Java min ver:	1.008.000
Java max ver:	
64-bit search:	SOFTWARE\JavaSoft\Java Runtime Environment...
32-bit search:	SOFTWARE\JavaSoft\Java Runtime Environment...
64-bit search:	SOFTWARE\JavaSoft\Java Development Kit...
32-bit search:	SOFTWARE\JavaSoft\Java Development Kit...
64-bit search:	SOFTWARE\JavaSoft\JRE...
32-bit search:	SOFTWARE\JavaSoft\JRE...
64-bit search:	SOFTWARE\JavaSoft\JDK...
32-bit search:	SOFTWARE\JavaSoft\JDK...
64-bit search:	SOFTWARE\IBM\Java Runtime Environment...
32-bit search:	SOFTWARE\IBM\Java Runtime Environment...
64-bit search:	SOFTWARE\IBM\Java Development Kit...
32-bit search:	SOFTWARE\IBM\Java Development Kit...
64-bit search:	SOFTWARE\IBM\Java2 Runtime Environment...
32-bit search:	SOFTWARE\IBM\Java2 Runtime Environment...
64-bit search:	SOFTWARE\IBM\Java Development Kit...
32-bit search:	SOFTWARE\IBM\Java Development Kit...
Error msg:	This application requires a Java Runtime Environment 1.8
Open URL:	http://java.com/download


Version:	3.14
CmdLine:	C:\Users\jonlu\Documents\SQL At Home Practice\MarathonDBMS.exe --l4j-debug
WOW64:		yes
Working dir:	C:\Users\jonlu\Documents\SQL At Home Practice\.
Java min ver:	1.008.000
Java max ver:	
64-bit search:	SOFTWARE\JavaSoft\Java Runtime Environment...
32-bit search:	SOFTWARE\JavaSoft\Java Runtime Environment...
64-bit search:	SOFTWARE\JavaSoft\Java Development Kit...
32-bit search:	SOFTWARE\JavaSoft\Java Development Kit...
64-bit search:	SOFTWARE\JavaSoft\JRE...
32-bit search:	SOFTWARE\JavaSoft\JRE...
64-bit search:	SOFTWARE\JavaSoft\JDK...
32-bit search:	SOFTWARE\JavaSoft\JDK...
64-bit search:	SOFTWARE\IBM\Java Runtime Environment...
32-bit search:	SOFTWARE\IBM\Java Runtime Environment...
64-bit search:	SOFTWARE\IBM\Java Development Kit...
32-bit search:	SOFTWARE\IBM\Java Development Kit...
64-bit search:	SOFTWARE\IBM\Java2 Runtime Environment...
32-bit search:	SOFTWARE\IBM\Java2 Runtime Environment...
64-bit search:	SOFTWARE\IBM\Java Development Kit...
32-bit search:	SOFTWARE\IBM\Java Development Kit...
Error msg:	This application requires a Java Runtime Environment 1.8
Open URL:	http://java.com/download


Version:	3.14
CmdLine:	C:\Users\jonlu\Documents\SQL At Home Practice\MarathonDBMS.exe --l4j-debug
WOW64:		yes
Working dir:	C:\Users\jonlu\Documents\SQL At Home Practice\.
Java min ver:	1.008.000
Java max ver:	
64-bit search:	SOFTWARE\JavaSoft\Java Runtime Environment...
32-bit search:	SOFTWARE\JavaSoft\Java Runtime Environment...
64-bit search:	SOFTWARE\JavaSoft\Java Development Kit...
32-bit search:	SOFTWARE\JavaSoft\Java Development Kit...
64-bit search:	SOFTWARE\JavaSoft\JRE...
32-bit search:	SOFTWARE\JavaSoft\JRE...
64-bit search:	SOFTWARE\JavaSoft\JDK...
32-bit search:	SOFTWARE\JavaSoft\JDK...
64-bit search:	SOFTWARE\IBM\Java Runtime Environment...
32-bit search:	SOFTWARE\IBM\Java Runtime Environment...
64-bit search:	SOFTWARE\IBM\Java Development Kit...
32-bit search:	SOFTWARE\IBM\Java Development Kit...
64-bit search:	SOFTWARE\IBM\Java2 Runtime Environment...
32-bit search:	SOFTWARE\IBM\Java2 Runtime Environment...
64-bit search:	SOFTWARE\IBM\Java Development Kit...
32-bit search:	SOFTWARE\IBM\Java Development Kit...
Error msg:	This application requires a Java Runtime Environment 1.8.0
Open URL:	http://java.com/download


Version:	3.14
CmdLine:	C:\Users\jonlu\Documents\SQL At Home Practice\MarathonDBMS.exe --l4j-debug
WOW64:		yes
Working dir:	C:\Users\jonlu\Documents\SQL At Home Practice\.
Java min ver:	1.008.000
Java max ver:	
64-bit search:	SOFTWARE\JavaSoft\Java Runtime Environment...
32-bit search:	SOFTWARE\JavaSoft\Java Runtime Environment...
64-bit search:	SOFTWARE\JavaSoft\Java Development Kit...
32-bit search:	SOFTWARE\JavaSoft\Java Development Kit...
64-bit search:	SOFTWARE\JavaSoft\JRE...
32-bit search:	SOFTWARE\JavaSoft\JRE...
64-bit search:	SOFTWARE\JavaSoft\JDK...
32-bit search:	SOFTWARE\JavaSoft\JDK...
64-bit search:	SOFTWARE\IBM\Java Runtime Environment...
32-bit search:	SOFTWARE\IBM\Java Runtime Environment...
64-bit search:	SOFTWARE\IBM\Java Development Kit...
32-bit search:	SOFTWARE\IBM\Java Development Kit...
64-bit search:	SOFTWARE\IBM\Java2 Runtime Environment...
32-bit search:	SOFTWARE\IBM\Java2 Runtime Environment...
64-bit search:	SOFTWARE\IBM\Java Development Kit...
32-bit search:	SOFTWARE\IBM\Java Development Kit...
Error msg:	This application requires a Java Runtime Environment 1.8.0
Open URL:	http://java.com/download


Version:	3.14
CmdLine:	C:\Users\jonlu\Documents\SQL At Home Practice\MarathonDBMS.exe --l4j-debug
WOW64:		yes
Working dir:	C:\Users\jonlu\Documents\SQL At Home Practice\.
Java min ver:	1.008.000
Java max ver:	
64-bit search:	SOFTWARE\JavaSoft\Java Runtime Environment...
32-bit search:	SOFTWARE\JavaSoft\Java Runtime Environment...
Check:		SOFTWARE\JavaSoft\Java Runtime Environment\1.8
Check launcher:	C:\Program Files (x86)\Java\jre1.8.0_291\bin\javaw.exe (OK)
Match:		1.008.000
Check:		SOFTWARE\JavaSoft\Java Runtime Environment\1.8.0_291
Check launcher:	C:\Program Files (x86)\Java\jre1.8.0_291\bin\javaw.exe (OK)
Match:		1.008.000_291
64-bit search:	SOFTWARE\JavaSoft\Java Development Kit...
32-bit search:	SOFTWARE\JavaSoft\Java Development Kit...
64-bit search:	SOFTWARE\JavaSoft\JRE...
32-bit search:	SOFTWARE\JavaSoft\JRE...
64-bit search:	SOFTWARE\JavaSoft\JDK...
32-bit search:	SOFTWARE\JavaSoft\JDK...
Runtime used:	1.008.000_291 (32-bit)
Launcher:	C:\Program Files (x86)\Java\jre1.8.0_291\bin\javaw.exe
Launcher args:	-jar "C:\Users\jonlu\Documents\SQL At Home Practice\MarathonDBMS.exe"
Args length:	69/32768 chars
Exit code:	0


Version:	3.14
CmdLine:	C:\Users\jonlu\Documents\SQL At Home Practice\MarathonDBMS.exe --l4j-debug
WOW64:		yes
Working dir:	C:\Users\jonlu\Documents\SQL At Home Practice\.
Java min ver:	1.008.000
Java max ver:	
64-bit search:	SOFTWARE\JavaSoft\Java Runtime Environment...
32-bit search:	SOFTWARE\JavaSoft\Java Runtime Environment...
Check:		SOFTWARE\JavaSoft\Java Runtime Environment\1.8
Check launcher:	C:\Program Files (x86)\Java\jre1.8.0_291\bin\javaw.exe (OK)
Match:		1.008.000
Check:		SOFTWARE\JavaSoft\Java Runtime Environment\1.8.0_291
Check launcher:	C:\Program Files (x86)\Java\jre1.8.0_291\bin\javaw.exe (OK)
Match:		1.008.000_291
64-bit search:	SOFTWARE\JavaSoft\Java Development Kit...
32-bit search:	SOFTWARE\JavaSoft\Java Development Kit...
64-bit search:	SOFTWARE\JavaSoft\JRE...
32-bit search:	SOFTWARE\JavaSoft\JRE...
64-bit search:	SOFTWARE\JavaSoft\JDK...
32-bit search:	SOFTWARE\JavaSoft\JDK...
Runtime used:	1.008.000_291 (32-bit)
Launcher:	C:\Program Files (x86)\Java\jre1.8.0_291\bin\javaw.exe
Launcher args:	-jar "C:\Users\jonlu\Documents\SQL At Home Practice\MarathonDBMS.exe"
Args length:	69/32768 chars
Exit code:	0
